0 info it worked if it ends with ok
1 verbose cli [ '/usr/local/bin/node', '/usr/local/bin/npm', 'run-script', 'build' ]
2 info using npm@6.14.15
3 info using node@v14.18.1
4 verbose config Skipping project config: /home/app/.npmrc. (matches userconfig)
5 verbose run-script [ 'prebuild', 'build', 'postbuild' ]
6 info lifecycle client@0.1.0~prebuild: client@0.1.0
7 info lifecycle client@0.1.0~build: client@0.1.0
8 verbose lifecycle client@0.1.0~build: unsafe-perm in lifecycle true
9 verbose lifecycle client@0.1.0~build: PATH: /usr/local/lib/node_modules/npm/node_modules/npm-lifecycle/node-gyp-bin:/home/app/node_modules/.bin:/usr/local/sbin:/usr/local/bin:/usr/sbin:/usr/bin:/sbin:/bin
10 verbose lifecycle client@0.1.0~build: CWD: /home/app
11 silly lifecycle client@0.1.0~build: Args: [ '-c', 'react-scripts build' ]
12 silly lifecycle client@0.1.0~build: Returned: code: 1  signal: null
13 info lifecycle client@0.1.0~build: Failed to exec build script
14 verbose stack Error: client@0.1.0 build: `react-scripts build`
14 verbose stack Exit status 1
14 verbose stack     at EventEmitter.<anonymous> (/usr/local/lib/node_modules/npm/node_modules/npm-lifecycle/index.js:332:16)
14 verbose stack     at EventEmitter.emit (events.js:400:28)
14 verbose stack     at ChildProcess.<anonymous> (/usr/local/lib/node_modules/npm/node_modules/npm-lifecycle/lib/spawn.js:55:14)
14 verbose stack     at ChildProcess.emit (events.js:400:28)
14 verbose stack     at maybeClose (internal/child_process.js:1058:16)
14 verbose stack     at Process.ChildProcess._handle.onexit (internal/child_process.js:293:5)
15 verbose pkgid client@0.1.0
16 verbose cwd /home/app
17 verbose Linux 5.10.16.3-microsoft-standard-WSL2
18 verbose argv "/usr/local/bin/node" "/usr/local/bin/npm" "run-script" "build"
19 verbose node v14.18.1
20 verbose npm  v6.14.15
21 error code ELIFECYCLE
22 error errno 1
23 error client@0.1.0 build: `react-scripts build`
23 error Exit status 1
24 error Failed at the client@0.1.0 build script.
24 error This is probably not a problem with npm. There is likely additional logging output above.
25 verbose exit [ 1, true ]
